TN:
SF:src/constants/database.constants.ts
FNF:0
FNH:0
DA:1,2
DA:13,2
DA:38,2
DA:42,2
DA:48,2
DA:52,2
DA:76,2
DA:82,2
LF:8
LH:8
BRF:0
BRH:0
end_of_record
TN:
SF:src/errors/base.error.ts
FN:2,(anonymous_0)
FNF:1
FNH:1
FNDA:2,(anonymous_0)
DA:1,2
DA:4,2
DA:6,2
DA:7,2
DA:8,2
LF:5
LH:5
BRF:0
BRH:0
end_of_record
TN:
SF:src/errors/parsing.error.ts
FN:4,(anonymous_0)
FN:10,(anonymous_1)
FN:16,(anonymous_2)
FNF:3
FNH:2
FNDA:2,(anonymous_0)
FNDA:2,(anonymous_1)
FNDA:0,(anonymous_2)
DA:1,2
DA:3,2
DA:5,2
DA:9,2
DA:11,2
DA:15,2
DA:17,0
LF:7
LH:6
BRF:0
BRH:0
end_of_record
TN:
SF:src/services/database.service.ts
FN:19,(anonymous_1)
FN:23,(anonymous_2)
FN:30,(anonymous_3)
FN:49,(anonymous_4)
FN:55,(anonymous_5)
FN:133,(anonymous_6)
FN:150,(anonymous_7)
FN:154,(anonymous_8)
FN:229,(anonymous_9)
FN:234,(anonymous_10)
FNF:10
FNH:9
FNDA:18,(anonymous_1)
FNDA:18,(anonymous_2)
FNDA:18,(anonymous_3)
FNDA:8,(anonymous_4)
FNDA:11,(anonymous_5)
FNDA:4,(anonymous_6)
FNDA:6,(anonymous_7)
FNDA:10,(anonymous_8)
FNDA:5,(anonymous_9)
FNDA:0,(anonymous_10)
DA:1,2
DA:4,2
DA:14,2
DA:16,2
DA:20,18
DA:24,18
DA:25,18
DA:26,18
DA:27,18
DA:31,18
DA:32,18
DA:33,18
DA:40,16
DA:42,2
DA:43,2
DA:45,0
DA:50,8
DA:51,8
DA:52,8
DA:56,11
DA:57,11
DA:130,11
DA:134,4
DA:135,4
DA:137,4
DA:138,1
DA:141,3
DA:151,6
DA:152,6
DA:154,10
DA:230,5
DA:231,5
DA:235,0
DA:236,0
LF:34
LH:31
BRDA:19,0,0,0
BRDA:42,1,0,2
BRDA:42,2,0,2
BRDA:42,2,1,2
BRDA:137,3,0,1
BRF:5
BRH:4
end_of_record
TN:
SF:src/services/game-processor.service.ts
FN:10,(anonymous_0)
FN:16,(anonymous_1)
FN:43,(anonymous_2)
FN:48,(anonymous_3)
FNF:4
FNH:4
FNDA:10,(anonymous_0)
FNDA:9,(anonymous_1)
FNDA:2,(anonymous_2)
FNDA:9,(anonymous_3)
DA:6,1
DA:7,1
DA:9,1
DA:11,10
DA:12,10
DA:13,10
DA:17,9
DA:19,9
DA:20,1
DA:23,1
DA:26,8
DA:27,8
DA:31,8
DA:32,8
DA:34,8
DA:35,9
DA:38,8
DA:44,2
DA:45,1
DA:52,9
DA:57,9
DA:58,9
DA:59,8
DA:63,1
DA:64,1
DA:71,9
DA:73,9
DA:147,9
LF:28
LH:28
BRDA:19,0,0,1
BRDA:81,1,0,9
BRDA:81,1,1,0
BRDA:82,2,0,9
BRDA:82,2,1,0
BRDA:83,3,0,9
BRDA:83,3,1,9
BRDA:84,4,0,9
BRDA:84,4,1,9
BRDA:85,5,0,9
BRDA:85,5,1,9
BRDA:86,6,0,9
BRDA:86,6,1,9
BRDA:87,7,0,9
BRDA:87,7,1,0
BRDA:88,8,0,9
BRDA:88,8,1,0
BRDA:89,9,0,9
BRDA:89,9,1,0
BRDA:90,10,0,9
BRDA:90,10,1,0
BRDA:91,11,0,9
BRDA:91,11,1,9
BRDA:92,12,0,9
BRDA:92,12,1,9
BRDA:93,13,0,9
BRDA:93,13,1,9
BRDA:94,14,0,9
BRDA:94,14,1,9
BRDA:95,15,0,9
BRDA:95,15,1,0
BRDA:96,16,0,9
BRDA:96,16,1,0
BRDA:97,17,0,9
BRDA:97,17,1,0
BRDA:98,18,0,9
BRDA:98,18,1,0
BRDA:99,19,0,9
BRDA:99,19,1,9
BRDA:100,20,0,9
BRDA:100,20,1,9
BRDA:101,21,0,9
BRDA:101,21,1,9
BRDA:102,22,0,9
BRDA:102,22,1,9
BRDA:103,23,0,9
BRDA:103,23,1,0
BRDA:104,24,0,9
BRDA:104,24,1,0
BRDA:105,25,0,9
BRDA:105,25,1,0
BRDA:106,26,0,9
BRDA:106,26,1,0
BRDA:107,27,0,9
BRDA:107,27,1,9
BRDA:108,28,0,9
BRDA:108,28,1,9
BRDA:109,29,0,9
BRDA:109,29,1,9
BRDA:110,30,0,9
BRDA:110,30,1,9
BRDA:111,31,0,9
BRDA:111,31,1,0
BRDA:112,32,0,9
BRDA:112,32,1,0
BRDA:113,33,0,9
BRDA:113,33,1,0
BRDA:114,34,0,9
BRDA:114,34,1,3
BRDA:115,35,0,9
BRDA:115,35,1,9
BRDA:116,36,0,9
BRDA:116,36,1,6
BRDA:117,37,0,9
BRDA:117,37,1,8
BRDA:118,38,0,9
BRDA:118,38,1,9
BRDA:119,39,0,9
BRDA:119,39,1,1
BRDA:120,40,0,9
BRDA:120,40,1,0
BRDA:121,41,0,9
BRDA:121,41,1,0
BRDA:122,42,0,9
BRDA:122,42,1,0
BRDA:123,43,0,9
BRDA:123,43,1,9
BRDA:124,44,0,9
BRDA:124,44,1,9
BRDA:125,45,0,9
BRDA:125,45,1,9
BRDA:126,46,0,9
BRDA:126,46,1,9
BRDA:127,47,0,9
BRDA:127,47,1,0
BRDA:128,48,0,9
BRDA:128,48,1,0
BRDA:129,49,0,9
BRDA:129,49,1,0
BRDA:130,50,0,9
BRDA:130,50,1,0
BRDA:131,51,0,9
BRDA:131,51,1,9
BRDA:132,52,0,9
BRDA:132,52,1,9
BRDA:133,53,0,9
BRDA:133,53,1,9
BRDA:134,54,0,9
BRDA:134,54,1,9
BRDA:135,55,0,9
BRDA:135,55,1,0
BRDA:136,56,0,9
BRDA:136,56,1,0
BRDA:137,57,0,9
BRDA:137,57,1,0
BRDA:138,58,0,9
BRDA:138,58,1,0
BRDA:139,59,0,9
BRDA:139,59,1,9
BRDA:140,60,0,9
BRDA:140,60,1,9
BRDA:141,61,0,9
BRDA:141,61,1,9
BRDA:142,62,0,9
BRDA:142,62,1,9
BRDA:143,63,0,9
BRDA:143,63,1,0
BRDA:144,64,0,9
BRDA:144,64,1,0
BRF:129
BRH:99
end_of_record
TN:
SF:src/services/pgn-parser.service.ts
FN:21,(anonymous_9)
FN:36,(anonymous_10)
FN:53,(anonymous_11)
FN:79,(anonymous_12)
FN:105,(anonymous_13)
FNF:5
FNH:5
FNDA:19,(anonymous_9)
FNDA:1,(anonymous_10)
FNDA:13,(anonymous_11)
FNDA:5,(anonymous_12)
FNDA:13,(anonymous_13)
DA:1,2
DA:2,2
DA:3,2
DA:4,2
DA:20,2
DA:22,19
DA:23,19
DA:24,19
DA:25,1
DA:27,18
DA:29,2
DA:30,1
DA:32,1
DA:37,1
DA:38,1
DA:39,0
DA:40,0
DA:42,0
DA:43,0
DA:46,0
DA:48,1
DA:49,1
DA:54,13
DA:55,13
DA:57,13
DA:59,13
DA:60,8
DA:61,5
DA:62,1
DA:64,4
DA:67,13
DA:68,13
DA:70,13
DA:80,5
DA:81,5
DA:83,5
DA:84,5
DA:90,5
DA:91,16
DA:92,16
DA:93,16
DA:95,16
DA:102,5
DA:106,13
LF:44
LH:39
BRDA:24,0,0,1
BRDA:29,1,0,1
BRDA:54,2,0,13
BRDA:54,2,1,6
BRDA:55,3,0,13
BRDA:55,3,1,6
BRDA:59,4,0,8
BRDA:59,4,1,5
BRDA:61,5,0,1
BRDA:61,5,1,4
BRDA:67,6,0,13
BRDA:67,6,1,5
BRDA:93,7,0,8
BRDA:93,7,1,8
BRF:14
BRH:14
end_of_record
TN:
SF:src/utils/date.util.ts
FN:12,parseFlexibleDate
FN:22,getDefaultStartDate
FN:26,isValidDateRange
FNF:3
FNH:3
FNDA:12,parseFlexibleDate
FNDA:3,getDefaultStartDate
FNDA:5,isValidDateRange
DA:1,2
DA:3,2
DA:12,2
DA:13,12
DA:14,48
DA:15,48
DA:16,9
DA:19,3
DA:22,2
DA:23,3
DA:26,2
DA:27,5
LF:12
LH:12
BRDA:15,0,0,9
BRF:1
BRH:1
end_of_record
TN:
SF:src/utils/fen.util.ts
FN:2,(anonymous_0)
FN:7,(anonymous_1)
FN:12,(anonymous_2)
FN:15,(anonymous_3)
FN:15,(anonymous_4)
FNF:5
FNH:5
FNDA:7,(anonymous_0)
FNDA:6,(anonymous_1)
FNDA:4,(anonymous_2)
FNDA:32,(anonymous_3)
FNDA:30,(anonymous_4)
DA:1,2
DA:3,7
DA:4,7
DA:8,6
DA:9,6
DA:13,4
DA:14,4
DA:15,32
LF:8
LH:8
BRDA:9,0,0,6
BRDA:9,0,1,4
BRF:2
BRH:2
end_of_record
TN:
SF:src/utils/index.ts
FN:1,(anonymous_0)
FN:1,(anonymous_1)
FN:2,(anonymous_2)
FN:3,(anonymous_3)
FN:3,(anonymous_4)
FN:4,(anonymous_5)
FN:4,(anonymous_6)
FN:4,(anonymous_7)
FNF:8
FNH:1
FNDA:0,(anonymous_0)
FNDA:0,(anonymous_1)
FNDA:0,(anonymous_2)
FNDA:0,(anonymous_3)
FNDA:9,(anonymous_4)
FNDA:0,(anonymous_5)
FNDA:0,(anonymous_6)
FNDA:0,(anonymous_7)
DA:1,1
DA:2,1
DA:3,10
DA:4,1
LF:4
LH:4
BRF:0
BRH:0
end_of_record
TN:
SF:src/utils/logger.util.ts
FN:4,(anonymous_1)
FN:8,(anonymous_2)
FN:12,(anonymous_3)
FN:16,(anonymous_4)
FN:20,(anonymous_5)
FNF:5
FNH:5
FNDA:17,(anonymous_1)
FNDA:8,(anonymous_2)
FNDA:1,(anonymous_3)
FNDA:2,(anonymous_4)
FNDA:34,(anonymous_5)
DA:1,4
DA:3,4
DA:5,17
DA:9,8
DA:13,1
DA:17,2
DA:21,34
DA:22,0
DA:27,4
LF:9
LH:8
BRDA:21,0,0,0
BRF:1
BRH:0
end_of_record
TN:
SF:src/utils/square.util.ts
FN:72,parseFenToBoardState
FN:77,(anonymous_1)
FNF:2
FNH:2
FNDA:9,parseFenToBoardState
FNDA:72,(anonymous_1)
DA:3,1
DA:72,1
DA:73,9
DA:74,9
DA:75,9
DA:77,9
DA:78,72
DA:79,72
DA:81,72
DA:82,332
DA:83,44
DA:85,288
DA:86,288
DA:87,288
DA:88,288
DA:93,9
LF:16
LH:16
BRDA:82,0,0,44
BRDA:82,0,1,288
BRF:2
BRH:2
end_of_record
